{
  "numFailedTestSuites": 1,
  "numFailedTests": 0,
  "numPassedTestSuites": 0,
  "numPassedTests": 0,
  "numPendingTestSuites": 0,
  "numPendingTests": 0,
  "numRuntimeErrorTestSuites": 1,
  "numTodoTests": 0,
  "numTotalTestSuites": 1,
  "numTotalTests": 0,
  "openHandles": [],
  "snapshot": {
    "added": 0,
    "didUpdate": false,
    "failure": false,
    "filesAdded": 0,
    "filesRemoved": 0,
    "filesRemovedList": [],
    "filesUnmatched": 0,
    "filesUpdated": 0,
    "matched": 0,
    "total": 0,
    "unchecked": 0,
    "uncheckedKeysByFile": [],
    "unmatched": 0,
    "updated": 0
  },
  "startTime": 1782661046441,
  "success": false,
  "testResults": [
    {
      "assertionResults": [],
      "coverage": {},
      "endTime": 1782661052678,
      "message": "  \u001b[1m● \u001b[22mTest suite failed to run\n\n    Cannot find module '@/common/upload/upload-file.service' from 'modules/source/source.service.spec.ts'\n\n    \u001b[0m \u001b[90m 1 |\u001b[39m \u001b[36mimport\u001b[39m { \u001b[33mTest\u001b[39m\u001b[33m,\u001b[39m \u001b[33mTestingModule\u001b[39m } \u001b[36mfrom\u001b[39m \u001b[32m\"@nestjs/testing\"\u001b[39m\u001b[33m;\u001b[39m\n     \u001b[90m 2 |\u001b[39m\n    \u001b[31m\u001b[1m>\u001b[22m\u001b[39m\u001b[90m 3 |\u001b[39m \u001b[36mimport\u001b[39m { \u001b[33mUploadFileService\u001b[39m } \u001b[36mfrom\u001b[39m \u001b[32m\"@/common/upload/upload-file.service\"\u001b[39m\u001b[33m;\u001b[39m\n     \u001b[90m   |\u001b[39m \u001b[31m\u001b[1m^\u001b[22m\u001b[39m\n     \u001b[90m 4 |\u001b[39m \u001b[36mimport\u001b[39m { \u001b[33mPrismaService\u001b[39m } \u001b[36mfrom\u001b[39m \u001b[32m\"@/infra/db/prisma/prisma.service\"\u001b[39m\u001b[33m;\u001b[39m\n     \u001b[90m 5 |\u001b[39m \u001b[36mimport\u001b[39m { \u001b[33mAppCache\u001b[39m } \u001b[36mfrom\u001b[39m \u001b[32m\"@/infra/db/redis/app-cache.service\"\u001b[39m\u001b[33m;\u001b[39m\n     \u001b[90m 6 |\u001b[39m\u001b[0m\n\n      \u001b[2mat Resolver._throwModNotFoundError (\u001b[22m../../../node_modules/.pnpm/jest-resolve@30.4.1/node_modules/jest-resolve/build/index.js\u001b[2m:895:11)\u001b[22m\n      \u001b[2mat Object.<anonymous> (\u001b[22m\u001b[0m\u001b[36mmodules/source/source.service.spec.ts\u001b[39m\u001b[0m\u001b[2m:3:1)\u001b[22m\n",
      "name": "C:\\Users\\Habib\\Desktop\\project\\careerOs\\services\\backend\\src\\modules\\source\\source.service.spec.ts",
      "startTime": 1782661052678,
      "status": "failed",
      "summary": ""
    }
  ],
  "wasInterrupted": false
}
